[2021-04-26 00:12:36.716] [exthost] [info] extension host started
[2021-04-26 00:12:36.764] [exthost] [info] ExtensionService#_doActivateExtension vscode.debug-auto-launch {"startup":true,"extensionId":{"value":"vscode.debug-auto-launch","_lower":"vscode.debug-auto-launch"},"activationEvent":"*"}
[2021-04-26 00:12:36.764] [exthost] [info] ExtensionService#loadCommonJSModule file:///usr/lib/code/extensions/debug-auto-launch/dist/extension
[2021-04-26 00:12:37.350] [exthost] [info] ExtensionService#_doActivateExtension vscode.git {"startup":true,"extensionId":{"value":"vscode.github","_lower":"vscode.github"},"activationEvent":"*"}
[2021-04-26 00:12:37.350] [exthost] [info] ExtensionService#loadCommonJSModule file:///usr/lib/code/extensions/git/dist/main
[2021-04-26 00:12:37.870] [exthost] [info] ExtensionService#_doActivateExtension CoenraadS.bracket-pair-colorizer-2 {"startup":true,"extensionId":{"value":"CoenraadS.bracket-pair-colorizer-2","_lower":"coenraads.bracket-pair-colorizer-2"},"activationEvent":"*"}
[2021-04-26 00:12:37.870] [exthost] [info] ExtensionService#loadCommonJSModule file:///home/nyarlathotep/.vscode-oss/extensions/coenraads.bracket-pair-colorizer-2-0.1.4/out/src/extension
[2021-04-26 00:12:48.574] [exthost] [info] ExtensionService#_doActivateExtension ecmel.vscode-html-css {"startup":true,"extensionId":{"value":"ecmel.vscode-html-css","_lower":"ecmel.vscode-html-css"},"activationEvent":"*"}
[2021-04-26 00:12:48.574] [exthost] [info] ExtensionService#loadCommonJSModule file:///home/nyarlathotep/.vscode-oss/extensions/ecmel.vscode-html-css-1.9.1/dist/extension.js
[2021-04-26 00:12:48.878] [exthost] [info] ExtensionService#_doActivateExtension formulahendry.auto-close-tag {"startup":true,"extensionId":{"value":"formulahendry.auto-close-tag","_lower":"formulahendry.auto-close-tag"},"activationEvent":"*"}
[2021-04-26 00:12:48.878] [exthost] [info] ExtensionService#loadCommonJSModule file:///home/nyarlathotep/.vscode-oss/extensions/formulahendry.auto-close-tag-0.5.10/out/src/extension
[2021-04-26 00:12:49.196] [exthost] [info] ExtensionService#_doActivateExtension PKief.material-icon-theme {"startup":true,"extensionId":{"value":"PKief.material-icon-theme","_lower":"pkief.material-icon-theme"},"activationEvent":"*"}
[2021-04-26 00:12:49.196] [exthost] [info] ExtensionService#loadCommonJSModule file:///home/nyarlathotep/.vscode-oss/extensions/pkief.material-icon-theme-4.6.0/dist/extension
[2021-04-26 00:12:50.417] [exthost] [info] ExtensionService#_doActivateExtension pranaygp.vscode-css-peek {"startup":true,"extensionId":{"value":"pranaygp.vscode-css-peek","_lower":"pranaygp.vscode-css-peek"},"activationEvent":"workspaceContainsTimeout:**/*.css,**/*.scss,**/*.sass,**/*.less"}
[2021-04-26 00:12:50.417] [exthost] [info] ExtensionService#loadCommonJSModule file:///home/nyarlathotep/.vscode-oss/extensions/pranaygp.vscode-css-peek-4.1.3/client/out/extension
[2021-04-26 00:12:55.231] [exthost] [info] ExtensionService#_doActivateExtension vscode.emmet {"startup":false,"extensionId":{"value":"vscode.emmet","_lower":"vscode.emmet"},"activationEvent":"onStartupFinished"}
[2021-04-26 00:12:55.231] [exthost] [info] ExtensionService#loadCommonJSModule file:///usr/lib/code/extensions/emmet/dist/node/emmetNodeMain
[2021-04-26 00:12:57.094] [exthost] [info] ExtensionService#_doActivateExtension vscode.merge-conflict {"startup":false,"extensionId":{"value":"vscode.merge-conflict","_lower":"vscode.merge-conflict"},"activationEvent":"onStartupFinished"}
[2021-04-26 00:12:57.094] [exthost] [info] ExtensionService#loadCommonJSModule file:///usr/lib/code/extensions/merge-conflict/dist/mergeConflictMain
[2021-04-26 00:12:57.622] [exthost] [info] ExtensionService#_doActivateExtension vscode.testing-editor-contributions {"startup":false,"extensionId":{"value":"vscode.testing-editor-contributions","_lower":"vscode.testing-editor-contributions"},"activationEvent":"onStartupFinished"}
[2021-04-26 00:12:57.622] [exthost] [info] ExtensionService#loadCommonJSModule file:///usr/lib/code/extensions/testing-editor-contributions/dist/extension.js
[2021-04-26 00:12:57.929] [exthost] [info] ExtensionService#_doActivateExtension esbenp.prettier-vscode {"startup":false,"extensionId":{"value":"esbenp.prettier-vscode","_lower":"esbenp.prettier-vscode"},"activationEvent":"onStartupFinished"}
[2021-04-26 00:12:57.929] [exthost] [info] ExtensionService#loadCommonJSModule file:///home/nyarlathotep/.vscode-oss/extensions/esbenp.prettier-vscode-6.3.2/dist/extension
[2021-04-26 00:13:02.022] [exthost] [info] ExtensionService#_doActivateExtension vscode.github {"startup":true,"extensionId":{"value":"vscode.github","_lower":"vscode.github"},"activationEvent":"*"}
[2021-04-26 00:13:02.022] [exthost] [info] ExtensionService#loadCommonJSModule file:///usr/lib/code/extensions/github/dist/extension.js
[2021-04-26 00:13:02.410] [exthost] [info] ExtensionService#_doActivateExtension ms-vscode.js-debug {"startup":false,"extensionId":{"value":"ms-vscode.js-debug","_lower":"ms-vscode.js-debug"},"activationEvent":"onCommand:extension.js-debug.clearAutoAttachVariables"}
[2021-04-26 00:13:02.410] [exthost] [info] ExtensionService#loadCommonJSModule file:///usr/lib/code/extensions/ms-vscode.js-debug/src/extension.js
[2021-04-26 00:13:04.481] [exthost] [info] eager extensions activated
[2021-04-26 00:17:29.233] [exthost] [error] Error: Repository not initialized
	at I.run (/usr/lib/code/extensions/git/dist/main.js:1:72958)
	at I.checkIgnore (/usr/lib/code/extensions/git/dist/main.js:1:71800)
	at checkIgnoreSoon (/usr/lib/code/extensions/git/dist/main.js:10:473386)
	at Timeout._onTimeout (/usr/lib/code/extensions/git/dist/main.js:1:25374)
	at listOnTimeout (internal/timers.js:549:17)
	at processTimers (internal/timers.js:492:7)
[2021-04-26 00:17:29.233] [exthost] [error] Error: Repository not initialized
	at I.run (/usr/lib/code/extensions/git/dist/main.js:1:72958)
	at I.checkIgnore (/usr/lib/code/extensions/git/dist/main.js:1:71800)
	at checkIgnoreSoon (/usr/lib/code/extensions/git/dist/main.js:10:473386)
	at Timeout._onTimeout (/usr/lib/code/extensions/git/dist/main.js:1:25374)
	at listOnTimeout (internal/timers.js:549:17)
	at processTimers (internal/timers.js:492:7)
[2021-04-26 00:17:29.233] [exthost] [error] Error: Repository not initialized
	at I.run (/usr/lib/code/extensions/git/dist/main.js:1:72958)
	at I.checkIgnore (/usr/lib/code/extensions/git/dist/main.js:1:71800)
	at checkIgnoreSoon (/usr/lib/code/extensions/git/dist/main.js:10:473386)
	at Timeout._onTimeout (/usr/lib/code/extensions/git/dist/main.js:1:25374)
	at listOnTimeout (internal/timers.js:549:17)
	at processTimers (internal/timers.js:492:7)
[2021-04-26 00:17:29.233] [exthost] [error] Error: Repository not initialized
	at I.run (/usr/lib/code/extensions/git/dist/main.js:1:72958)
	at I.checkIgnore (/usr/lib/code/extensions/git/dist/main.js:1:71800)
	at checkIgnoreSoon (/usr/lib/code/extensions/git/dist/main.js:10:473386)
	at Timeout._onTimeout (/usr/lib/code/extensions/git/dist/main.js:1:25374)
	at listOnTimeout (internal/timers.js:549:17)
	at processTimers (internal/timers.js:492:7)
[2021-04-26 00:17:29.233] [exthost] [error] Error: Repository not initialized
	at I.run (/usr/lib/code/extensions/git/dist/main.js:1:72958)
	at I.checkIgnore (/usr/lib/code/extensions/git/dist/main.js:1:71800)
	at checkIgnoreSoon (/usr/lib/code/extensions/git/dist/main.js:10:473386)
	at Timeout._onTimeout (/usr/lib/code/extensions/git/dist/main.js:1:25374)
	at listOnTimeout (internal/timers.js:549:17)
	at processTimers (internal/timers.js:492:7)
[2021-04-26 00:17:29.233] [exthost] [error] Error: Repository not initialized
	at I.run (/usr/lib/code/extensions/git/dist/main.js:1:72958)
	at I.checkIgnore (/usr/lib/code/extensions/git/dist/main.js:1:71800)
	at checkIgnoreSoon (/usr/lib/code/extensions/git/dist/main.js:10:473386)
	at Timeout._onTimeout (/usr/lib/code/extensions/git/dist/main.js:1:25374)
	at listOnTimeout (internal/timers.js:549:17)
	at processTimers (internal/timers.js:492:7)
[2021-04-26 00:17:29.233] [exthost] [error] Error: Repository not initialized
	at I.run (/usr/lib/code/extensions/git/dist/main.js:1:72958)
	at I.checkIgnore (/usr/lib/code/extensions/git/dist/main.js:1:71800)
	at checkIgnoreSoon (/usr/lib/code/extensions/git/dist/main.js:10:473386)
	at Timeout._onTimeout (/usr/lib/code/extensions/git/dist/main.js:1:25374)
	at listOnTimeout (internal/timers.js:549:17)
	at processTimers (internal/timers.js:492:7)
[2021-04-26 00:17:32.093] [exthost] [info] ExtensionService#_doActivateExtension vscode.image-preview {"startup":false,"extensionId":{"value":"vscode.image-preview","_lower":"vscode.image-preview"},"activationEvent":"onCustomEditor:imagePreview.previewEditor"}
[2021-04-26 00:17:32.093] [exthost] [info] ExtensionService#loadCommonJSModule file:///usr/lib/code/extensions/image-preview/dist/extension
[2021-04-26 00:17:54.555] [exthost] [warning] [Decorations] CAPPING events from decorations provider vscode.git 270
[2021-04-26 00:17:59.711] [exthost] [warning] [Decorations] CAPPING events from decorations provider vscode.git 1109
