[2021-04-25 22:22:31.397] [exthost] [info] extension host started
[2021-04-25 22:22:31.497] [exthost] [info] ExtensionService#_doActivateExtension vscode.debug-auto-launch {"startup":true,"extensionId":{"value":"vscode.debug-auto-launch","_lower":"vscode.debug-auto-launch"},"activationEvent":"*"}
[2021-04-25 22:22:31.498] [exthost] [info] ExtensionService#loadCommonJSModule file:///usr/lib/code/extensions/debug-auto-launch/dist/extension
[2021-04-25 22:22:31.500] [exthost] [info] ExtensionService#_doActivateExtension vscode.git {"startup":true,"extensionId":{"value":"vscode.github","_lower":"vscode.github"},"activationEvent":"*"}
[2021-04-25 22:22:31.500] [exthost] [info] ExtensionService#loadCommonJSModule file:///usr/lib/code/extensions/git/dist/main
[2021-04-25 22:22:31.531] [exthost] [info] ExtensionService#_doActivateExtension CoenraadS.bracket-pair-colorizer-2 {"startup":true,"extensionId":{"value":"CoenraadS.bracket-pair-colorizer-2","_lower":"coenraads.bracket-pair-colorizer-2"},"activationEvent":"*"}
[2021-04-25 22:22:31.531] [exthost] [info] ExtensionService#loadCommonJSModule file:///home/nyarlathotep/.vscode-oss/extensions/coenraads.bracket-pair-colorizer-2-0.1.4/out/src/extension
[2021-04-25 22:22:31.547] [exthost] [info] ExtensionService#_doActivateExtension ecmel.vscode-html-css {"startup":true,"extensionId":{"value":"ecmel.vscode-html-css","_lower":"ecmel.vscode-html-css"},"activationEvent":"*"}
[2021-04-25 22:22:31.547] [exthost] [info] ExtensionService#loadCommonJSModule file:///home/nyarlathotep/.vscode-oss/extensions/ecmel.vscode-html-css-1.9.1/dist/extension.js
[2021-04-25 22:22:31.571] [exthost] [info] ExtensionService#_doActivateExtension formulahendry.auto-close-tag {"startup":true,"extensionId":{"value":"formulahendry.auto-close-tag","_lower":"formulahendry.auto-close-tag"},"activationEvent":"*"}
[2021-04-25 22:22:31.571] [exthost] [info] ExtensionService#loadCommonJSModule file:///home/nyarlathotep/.vscode-oss/extensions/formulahendry.auto-close-tag-0.5.10/out/src/extension
[2021-04-25 22:22:31.574] [exthost] [info] ExtensionService#_doActivateExtension PKief.material-icon-theme {"startup":true,"extensionId":{"value":"PKief.material-icon-theme","_lower":"pkief.material-icon-theme"},"activationEvent":"*"}
[2021-04-25 22:22:31.574] [exthost] [info] ExtensionService#loadCommonJSModule file:///home/nyarlathotep/.vscode-oss/extensions/pkief.material-icon-theme-4.6.0/dist/extension
[2021-04-25 22:22:31.801] [exthost] [info] ExtensionService#_doActivateExtension vscode.github {"startup":true,"extensionId":{"value":"vscode.github","_lower":"vscode.github"},"activationEvent":"*"}
[2021-04-25 22:22:31.801] [exthost] [info] ExtensionService#loadCommonJSModule file:///usr/lib/code/extensions/github/dist/extension.js
[2021-04-25 22:22:31.807] [exthost] [info] ExtensionService#_doActivateExtension ms-vscode.js-debug {"startup":false,"extensionId":{"value":"ms-vscode.js-debug","_lower":"ms-vscode.js-debug"},"activationEvent":"onCommand:extension.js-debug.clearAutoAttachVariables"}
[2021-04-25 22:22:31.807] [exthost] [info] ExtensionService#loadCommonJSModule file:///usr/lib/code/extensions/ms-vscode.js-debug/src/extension.js
[2021-04-25 22:22:32.036] [exthost] [info] eager extensions activated
[2021-04-25 22:22:32.064] [exthost] [info] ExtensionService#_doActivateExtension vscode.emmet {"startup":false,"extensionId":{"value":"vscode.emmet","_lower":"vscode.emmet"},"activationEvent":"onStartupFinished"}
[2021-04-25 22:22:32.064] [exthost] [info] ExtensionService#loadCommonJSModule file:///usr/lib/code/extensions/emmet/dist/node/emmetNodeMain
[2021-04-25 22:22:32.070] [exthost] [info] ExtensionService#_doActivateExtension vscode.merge-conflict {"startup":false,"extensionId":{"value":"vscode.merge-conflict","_lower":"vscode.merge-conflict"},"activationEvent":"onStartupFinished"}
[2021-04-25 22:22:32.070] [exthost] [info] ExtensionService#loadCommonJSModule file:///usr/lib/code/extensions/merge-conflict/dist/mergeConflictMain
[2021-04-25 22:22:32.072] [exthost] [info] ExtensionService#_doActivateExtension vscode.testing-editor-contributions {"startup":false,"extensionId":{"value":"vscode.testing-editor-contributions","_lower":"vscode.testing-editor-contributions"},"activationEvent":"onStartupFinished"}
[2021-04-25 22:22:32.072] [exthost] [info] ExtensionService#loadCommonJSModule file:///usr/lib/code/extensions/testing-editor-contributions/dist/extension.js
[2021-04-25 22:22:32.073] [exthost] [info] ExtensionService#_doActivateExtension esbenp.prettier-vscode {"startup":false,"extensionId":{"value":"esbenp.prettier-vscode","_lower":"esbenp.prettier-vscode"},"activationEvent":"onStartupFinished"}
[2021-04-25 22:22:32.073] [exthost] [info] ExtensionService#loadCommonJSModule file:///home/nyarlathotep/.vscode-oss/extensions/esbenp.prettier-vscode-6.3.2/dist/extension
[2021-04-25 22:24:12.601] [exthost] [warning] [Decorations] CAPPING events from decorations provider vscode.git 704
[2021-04-25 22:24:17.718] [exthost] [warning] [Decorations] CAPPING events from decorations provider vscode.git 1074
[2021-04-25 22:24:37.580] [exthost] [warning] [Decorations] CAPPING events from decorations provider vscode.git 1076
[2021-04-25 22:24:59.950] [exthost] [warning] [Decorations] CAPPING events from decorations provider vscode.git 1076
